0 info it worked if it ends with ok
1 verbose cli [ '/Users/fabian/.nvm/versions/node/v5.8.0/bin/node',
1 verbose cli   '/Users/fabian/.nvm/versions/node/v5.8.0/bin/npm',
1 verbose cli   'run',
1 verbose cli   'start' ]
2 info using npm@4.1.1
3 info using node@v5.8.0
4 verbose config Skipping project config: /Users/fabian/.npmrc. (matches userconfig)
5 verbose stack Error: ENOENT: no such file or directory, open '/Users/fabian/package.json'
5 verbose stack     at Error (native)
6 verbose cwd /Users/fabian/GitHub/P_AND_F/CordovaTut
7 error Darwin 16.3.0
8 error argv "/Users/fabian/.nvm/versions/node/v5.8.0/bin/node" "/Users/fabian/.nvm/versions/node/v5.8.0/bin/npm" "run" "start"
9 error node v5.8.0
10 error npm  v4.1.1
11 error path /Users/fabian/package.json
12 error code ENOENT
13 error errno -2
14 error syscall open
15 error enoent ENOENT: no such file or directory, open '/Users/fabian/package.json'
16 error enoent ENOENT: no such file or directory, open '/Users/fabian/package.json'
16 error enoent This is most likely not a problem with npm itself
16 error enoent and is related to npm not being able to find a file.
17 verbose exit [ -2, true ]
